no remote changes
[2026-04-30T12:01:43.455284+00:00] START pull: git pull --ff-only origin main
[2026-04-30T12:01:43.487950+00:00] END pull: exit=1
[2026-04-30T12:01:43.488108+00:00] STDERR pull:
fatal: 'origin' does not appear to be a git repository
fatal: Could not read from remote repository.

Please make sure you have the correct access rights
and the repository exists.
[2026-04-30T12:06:01.932327+00:00] WARN fetch failed: fatal: 'origin' does not appear to be a git repository
fatal: Could not read from remote repository.

Please make sure you have the correct access rights
and the repository exists.
[2026-04-30T12:06:01.932574+00:00] No remote changes detected or remote unavailable.
[2026-05-01T21:38:50.611343+00:00] No remote changes detected or remote unavailable.
[2026-05-01T21:38:55.889654+00:00] No remote changes detected or remote unavailable.
[2026-05-01T21:43:56.166792+00:00] No remote changes detected or remote unavailable.
[2026-05-01T21:54:55.487100+00:00] START pull: git pull --ff-only origin main
[2026-05-01T21:54:55.913255+00:00] END pull: exit=0
[2026-05-01T21:54:55.913533+00:00] STDOUT pull:
Already up to date.
[2026-05-01T21:54:55.913736+00:00] STDERR pull:
From https://github.com/jaycrossler/aura
 * branch            main       -> FETCH_HEAD
[2026-05-01T21:54:55.913940+00:00] START observe: C:\Python314\python.exe -m tools.storyops.observe
[2026-05-01T21:54:57.430514+00:00] END observe: exit=0
[2026-05-01T21:54:57.430824+00:00] STDOUT observe:
observe complete
[2026-05-01T21:54:57.431051+00:00] START lint: C:\Python314\python.exe -m tools.storyops.lint --profile hard_scifi_novel
[2026-05-01T21:54:57.714669+00:00] END lint: exit=0
[2026-05-01T21:54:57.714937+00:00] START publish: C:\Python314\python.exe -m tools.storyops.publish
[2026-05-01T21:54:57.813078+00:00] END publish: exit=0
[2026-05-01T21:54:57.813328+00:00] STDOUT publish:
publish complete
[2026-05-01T21:54:57.813543+00:00] Run completed with failures=0
